11:45:06,189 10902 [Thread-3] DEBUG amuse.nodes.trainer.TrainerNodeScheduler - Loading: C:\Users\NICOLAS\Documents\Cours\M2\Projet industriel\amuseFiles\Processed_Features\Rumba\118029\118029_1__0[true_true]__5000ms_2500ms.arff
11:45:06,195 10908 [Thread-3] DEBUG amuse.nodes.trainer.TrainerNodeScheduler - Loading: C:\Users\NICOLAS\Documents\Cours\M2\Projet industriel\amuseFiles\Processed_Features\Rumba\115226\115226_1__0[true_true]__5000ms_2500ms.arff
11:45:06,198 10911 [Thread-3] DEBUG amuse.nodes.trainer.TrainerNodeScheduler - Loading: C:\Users\NICOLAS\Documents\Cours\M2\Projet industriel\amuseFiles\Processed_Features\Rumba\113625\113625_1__0[true_true]__5000ms_2500ms.arff
11:45:06,199 10912 [Thread-3] DEBUG amuse.nodes.trainer.TrainerNodeScheduler - Loading: C:\Users\NICOLAS\Documents\Cours\M2\Projet industriel\amuseFiles\Processed_Features\Rumba\100710\100710_1__0[true_true]__5000ms_2500ms.arff
11:45:06,206 10919 [Thread-3] DEBUG amuse.nodes.trainer.TrainerNodeScheduler - Loading: C:\Users\NICOLAS\Documents\Cours\M2\Projet industriel\amuseFiles\Processed_Features\Rumba\108722\108722_1__0[true_true]__5000ms_2500ms.arff
11:45:06,208 10921 [Thread-3] DEBUG amuse.nodes.trainer.TrainerNodeScheduler - Loading: C:\Users\NICOLAS\Documents\Cours\M2\Projet industriel\amuseFiles\Processed_Features\Rumba\118831\118831_1__0[true_true]__5000ms_2500ms.arff
11:45:06,210 10923 [Thread-3] DEBUG amuse.nodes.trainer.TrainerNodeScheduler - Loading: C:\Users\NICOLAS\Documents\Cours\M2\Projet industriel\amuseFiles\Processed_Features\Rumba\116130\116130_1__0[true_true]__5000ms_2500ms.arff
11:45:06,220 10933 [Thread-3] DEBUG amuse.nodes.trainer.TrainerNodeScheduler - Loading: C:\Users\NICOLAS\Documents\Cours\M2\Projet industriel\amuseFiles\Processed_Features\Rumba\111930\111930_1__0[true_true]__5000ms_2500ms.arff
11:45:06,234 10947 [Thread-3] DEBUG amuse.nodes.trainer.TrainerNodeScheduler - Loading: C:\Users\NICOLAS\Documents\Cours\M2\Projet industriel\amuseFiles\Processed_Features\Rumba\109711\109711_1__0[true_true]__5000ms_2500ms.arff
11:45:06,238 10951 [Thread-3] DEBUG amuse.nodes.trainer.TrainerNodeScheduler - Loading: C:\Users\NICOLAS\Documents\Cours\M2\Projet industriel\amuseFiles\Processed_Features\Rumba\108727\108727_1__0[true_true]__5000ms_2500ms.arff
11:45:06,249 10962 [Thread-3] DEBUG amuse.nodes.trainer.TrainerNodeScheduler - Loading: C:\Users\NICOLAS\Documents\Cours\M2\Projet industriel\amuseFiles\Processed_Features\Rumba\113827\113827_1__0[true_true]__5000ms_2500ms.arff
11:45:06,251 10964 [Thread-3] DEBUG amuse.nodes.trainer.TrainerNodeScheduler - Loading: C:\Users\NICOLAS\Documents\Cours\M2\Projet industriel\amuseFiles\Processed_Features\Rumba\106009\106009_1__0[true_true]__5000ms_2500ms.arff
11:45:06,252 10965 [Thread-3] DEBUG amuse.nodes.trainer.TrainerNodeScheduler - Loading: C:\Users\NICOLAS\Documents\Cours\M2\Projet industriel\amuseFiles\Processed_Features\Rumba\118206\118206_1__0[true_true]__5000ms_2500ms.arff
11:45:06,253 10966 [Thread-3] DEBUG amuse.nodes.trainer.TrainerNodeScheduler - Loading: C:\Users\NICOLAS\Documents\Cours\M2\Projet industriel\amuseFiles\Processed_Features\Rumba\114317\114317_1__0[true_true]__5000ms_2500ms.arff
11:45:06,255 10968 [Thread-3] DEBUG amuse.nodes.trainer.TrainerNodeScheduler - Loading: C:\Users\NICOLAS\Documents\Cours\M2\Projet industriel\amuseFiles\Processed_Features\Rumba\113822\113822_1__0[true_true]__5000ms_2500ms.arff
11:45:06,263 10976 [Thread-3] DEBUG amuse.nodes.trainer.TrainerNodeScheduler - Loading: C:\Users\NICOLAS\Documents\Cours\M2\Projet industriel\amuseFiles\Processed_Features\Rumba\108824\108824_1__0[true_true]__5000ms_2500ms.arff
11:45:06,265 10978 [Thread-3] DEBUG amuse.nodes.trainer.TrainerNodeScheduler - Loading: C:\Users\NICOLAS\Documents\Cours\M2\Projet industriel\amuseFiles\Processed_Features\Rumba\111527\111527_1__0[true_true]__5000ms_2500ms.arff
11:45:06,266 10979 [Thread-3] DEBUG amuse.nodes.trainer.TrainerNodeScheduler - Loading: C:\Users\NICOLAS\Documents\Cours\M2\Projet industriel\amuseFiles\Processed_Features\Rumba\107012\107012_1__0[true_true]__5000ms_2500ms.arff
11:45:06,269 10982 [Thread-3] DEBUG amuse.nodes.trainer.TrainerNodeScheduler - Loading: C:\Users\NICOLAS\Documents\Cours\M2\Projet industriel\amuseFiles\Processed_Features\Rumba\115627\115627_1__0[true_true]__5000ms_2500ms.arff
11:45:06,277 10990 [Thread-3] DEBUG amuse.nodes.trainer.TrainerNodeScheduler - Loading: C:\Users\NICOLAS\Documents\Cours\M2\Projet industriel\amuseFiles\Processed_Features\Rumba\112201\112201_1__0[true_true]__5000ms_2500ms.arff
11:45:06,280 10993 [Thread-3] DEBUG amuse.nodes.trainer.TrainerNodeScheduler - Loading: C:\Users\NICOLAS\Documents\Cours\M2\Projet industriel\amuseFiles\Processed_Features\Rumba\100711\100711_1__0[true_true]__5000ms_2500ms.arff
11:45:06,284 10997 [Thread-3] DEBUG amuse.nodes.trainer.TrainerNodeScheduler - Loading: C:\Users\NICOLAS\Documents\Cours\M2\Projet industriel\amuseFiles\Processed_Features\Rumba\111232\111232_1__0[true_true]__5000ms_2500ms.arff
11:45:06,285 10998 [Thread-3] DEBUG amuse.nodes.trainer.TrainerNodeScheduler - Loading: C:\Users\NICOLAS\Documents\Cours\M2\Projet industriel\amuseFiles\Processed_Features\Rumba\110820\110820_1__0[true_true]__5000ms_2500ms.arff
11:45:06,287 11000 [Thread-3] DEBUG amuse.nodes.trainer.TrainerNodeScheduler - Loading: C:\Users\NICOLAS\Documents\Cours\M2\Projet industriel\amuseFiles\Processed_Features\Rumba\110822\110822_1__0[true_true]__5000ms_2500ms.arff
11:45:06,292 11005 [Thread-3] DEBUG amuse.nodes.trainer.TrainerNodeScheduler - Loading: C:\Users\NICOLAS\Documents\Cours\M2\Projet industriel\amuseFiles\Processed_Features\Rumba\118425\118425_1__0[true_true]__5000ms_2500ms.arff
11:45:06,295 11008 [Thread-3] DEBUG amuse.nodes.trainer.TrainerNodeScheduler - Loading: C:\Users\NICOLAS\Documents\Cours\M2\Projet industriel\amuseFiles\Processed_Features\Rumba\107208\107208_1__0[true_true]__5000ms_2500ms.arff
11:45:06,297 11010 [Thread-3] DEBUG amuse.nodes.trainer.TrainerNodeScheduler - Loading: C:\Users\NICOLAS\Documents\Cours\M2\Projet industriel\amuseFiles\Processed_Features\Rumba\100812\100812_1__0[true_true]__5000ms_2500ms.arff
11:45:06,299 11012 [Thread-3] DEBUG amuse.nodes.trainer.TrainerNodeScheduler - Loading: C:\Users\NICOLAS\Documents\Cours\M2\Projet industriel\amuseFiles\Processed_Features\Rumba\106113\106113_1__0[true_true]__5000ms_2500ms.arff
11:45:06,304 11017 [Thread-3] DEBUG amuse.nodes.trainer.TrainerNodeScheduler - Loading: C:\Users\NICOLAS\Documents\Cours\M2\Projet industriel\amuseFiles\Processed_Features\Rumba\108729\108729_1__0[true_true]__5000ms_2500ms.arff
11:45:06,307 11020 [Thread-3] DEBUG amuse.nodes.trainer.TrainerNodeScheduler - Loading: C:\Users\NICOLAS\Documents\Cours\M2\Projet industriel\amuseFiles\Processed_Features\Rumba\108721\108721_1__0[true_true]__5000ms_2500ms.arff
11:45:06,308 11021 [Thread-3] DEBUG amuse.nodes.trainer.TrainerNodeScheduler - Loading: C:\Users\NICOLAS\Documents\Cours\M2\Projet industriel\amuseFiles\Processed_Features\Rumba\112528\112528_1__0[true_true]__5000ms_2500ms.arff
11:45:06,310 11023 [Thread-3] DEBUG amuse.nodes.trainer.TrainerNodeScheduler - Loading: C:\Users\NICOLAS\Documents\Cours\M2\Projet industriel\amuseFiles\Processed_Features\Rumba\113212\113212_1__0[true_true]__5000ms_2500ms.arff
11:45:06,318 11031 [Thread-3] DEBUG amuse.nodes.trainer.TrainerNodeScheduler - Loading: C:\Users\NICOLAS\Documents\Cours\M2\Projet industriel\amuseFiles\Processed_Features\Rumba\117220\117220_1__0[true_true]__5000ms_2500ms.arff
11:45:06,319 11032 [Thread-3] DEBUG amuse.nodes.trainer.TrainerNodeScheduler - Loading: C:\Users\NICOLAS\Documents\Cours\M2\Projet industriel\amuseFiles\Processed_Features\Rumba\108409\108409_1__0[true_true]__5000ms_2500ms.arff
11:45:06,322 11035 [Thread-3] DEBUG amuse.nodes.trainer.TrainerNodeScheduler - Loading: C:\Users\NICOLAS\Documents\Cours\M2\Projet industriel\amuseFiles\Processed_Features\Rumba\118426\118426_1__0[true_true]__5000ms_2500ms.arff
11:45:06,323 11036 [Thread-3] DEBUG amuse.nodes.trainer.TrainerNodeScheduler - Loading: C:\Users\NICOLAS\Documents\Cours\M2\Projet industriel\amuseFiles\Processed_Features\Rumba\116128\116128_1__0[true_true]__5000ms_2500ms.arff
11:45:06,325 11038 [Thread-3] DEBUG amuse.nodes.trainer.TrainerNodeScheduler - Loading: C:\Users\NICOLAS\Documents\Cours\M2\Projet industriel\amuseFiles\Processed_Features\Rumba\118514\118514_1__0[true_true]__5000ms_2500ms.arff
11:45:06,331 11044 [Thread-3] DEBUG amuse.nodes.trainer.TrainerNodeScheduler - Loading: C:\Users\NICOLAS\Documents\Cours\M2\Projet industriel\amuseFiles\Processed_Features\Rumba\115630\115630_1__0[true_true]__5000ms_2500ms.arff
11:45:06,333 11046 [Thread-3] DEBUG amuse.nodes.trainer.TrainerNodeScheduler - Loading: C:\Users\NICOLAS\Documents\Cours\M2\Projet industriel\amuseFiles\Processed_Features\Rumba\116808\116808_1__0[true_true]__5000ms_2500ms.arff
11:45:06,335 11048 [Thread-3] DEBUG amuse.nodes.trainer.TrainerNodeScheduler - Loading: C:\Users\NICOLAS\Documents\Cours\M2\Projet industriel\amuseFiles\Processed_Features\Rumba\112116\112116_1__0[true_true]__5000ms_2500ms.arff
11:45:06,336 11049 [Thread-3] DEBUG amuse.nodes.trainer.TrainerNodeScheduler - Loading: C:\Users\NICOLAS\Documents\Cours\M2\Projet industriel\amuseFiles\Processed_Features\Rumba\112430\112430_1__0[true_true]__5000ms_2500ms.arff
11:45:06,338 11051 [Thread-3] DEBUG amuse.nodes.trainer.TrainerNodeScheduler - Loading: C:\Users\NICOLAS\Documents\Cours\M2\Projet industriel\amuseFiles\Processed_Features\Rumba\104005\104005_1__0[true_true]__5000ms_2500ms.arff
11:45:06,345 11058 [Thread-3] DEBUG amuse.nodes.trainer.TrainerNodeScheduler - Loading: C:\Users\NICOLAS\Documents\Cours\M2\Projet industriel\amuseFiles\Processed_Features\Rumba\112432\112432_1__0[true_true]__5000ms_2500ms.arff
11:45:06,349 11062 [Thread-3] DEBUG amuse.nodes.trainer.TrainerNodeScheduler - Loading: C:\Users\NICOLAS\Documents\Cours\M2\Projet industriel\amuseFiles\Processed_Features\Rumba\106813\106813_1__0[true_true]__5000ms_2500ms.arff
11:45:06,350 11063 [Thread-3] DEBUG amuse.nodes.trainer.TrainerNodeScheduler - Loading: C:\Users\NICOLAS\Documents\Cours\M2\Projet industriel\amuseFiles\Processed_Features\Rumba\115624\115624_1__0[true_true]__5000ms_2500ms.arff
11:45:06,352 11065 [Thread-3] DEBUG amuse.nodes.trainer.TrainerNodeScheduler - Loading: C:\Users\NICOLAS\Documents\Cours\M2\Projet industriel\amuseFiles\Processed_Features\Rumba\108522\108522_1__0[true_true]__5000ms_2500ms.arff
11:45:06,353 11066 [Thread-3] DEBUG amuse.nodes.trainer.TrainerNodeScheduler - Loading: C:\Users\NICOLAS\Documents\Cours\M2\Projet industriel\amuseFiles\Processed_Features\Rumba\108432\108432_1__0[true_true]__5000ms_2500ms.arff
11:45:06,363 11076 [Thread-3] DEBUG amuse.nodes.trainer.TrainerNodeScheduler - Loading: C:\Users\NICOLAS\Documents\Cours\M2\Projet industriel\amuseFiles\Processed_Features\Rumba\113626\113626_1__0[true_true]__5000ms_2500ms.arff
11:45:06,364 11077 [Thread-3] DEBUG amuse.nodes.trainer.TrainerNodeScheduler - Loading: C:\Users\NICOLAS\Documents\Cours\M2\Projet industriel\amuseFiles\Processed_Features\Rumba\108411\108411_1__0[true_true]__5000ms_2500ms.arff
11:45:06,365 11078 [Thread-3] DEBUG amuse.nodes.trainer.TrainerNodeScheduler - Loading: C:\Users\NICOLAS\Documents\Cours\M2\Projet industriel\amuseFiles\Processed_Features\Rumba\118222\118222_1__0[true_true]__5000ms_2500ms.arff
11:45:06,367 11080 [Thread-3] DEBUG amuse.nodes.trainer.TrainerNodeScheduler - Loading: C:\Users\NICOLAS\Documents\Cours\M2\Projet industriel\amuseFiles\Processed_Features\Rumba\113824\113824_1__0[true_true]__5000ms_2500ms.arff
11:45:06,368 11081 [Thread-3] DEBUG amuse.nodes.trainer.TrainerNodeScheduler - Loading: C:\Users\NICOLAS\Documents\Cours\M2\Projet industriel\amuseFiles\Processed_Features\Rumba\117827\117827_1__0[true_true]__5000ms_2500ms.arff
11:45:06,374 11087 [Thread-3] DEBUG amuse.nodes.trainer.TrainerNodeScheduler - Loading: C:\Users\NICOLAS\Documents\Cours\M2\Projet industriel\amuseFiles\Processed_Features\Foxtrot\109218\109218_1__0[true_true]__5000ms_2500ms.arff
11:45:06,399 11112 [Thread-3] INFO  amuse.nodes.trainer.TrainerNodeScheduler - Classification trainer is configured: amuse.nodes.trainer.methods.supervised.KerasAdapter
11:45:06,400 11113 [Thread-3] INFO  amuse.nodes.trainer.TrainerNodeScheduler - Starting the classification training with Keras...
11:45:06,401 11114 [Thread-3] WARN  amuse.nodes.trainer.methods.supervised.KerasAdapter - Problem happened while deleting the old file, please delete it manually : C:\Users\NICOLAS\Documents\Cours\M2\Projet industriel\AMUSE\amuse\Keras\Models\model.h5
11:45:06,401 11114 [Thread-3] INFO  amuse.nodes.trainer.methods.supervised.KerasAdapter - py C:\Users\NICOLAS\Documents\Cours\M2\Projet industriel\AMUSE\amuse\Keras\GenerateModel.py
11:45:06,409 11122 [Thread-3] INFO  amuse.nodes.trainer.methods.supervised.KerasAdapter - Model created !
11:45:06,451 11164 [Thread-3] INFO  amuse.nodes.trainer.TrainerNodeScheduler - ..classification training finished!
11:45:06,453 11166 [Thread-3] INFO  amuse.scheduler.taskstarters.ClassificationTrainingStarter - Job 0 ready
11:45:06,458 11171 [Thread-3] DEBUG amuse.util.FileOperations - Deleting: C:\Users\NICOLAS\Documents\Cours\M2\Projet industriel\AMUSE\amuse\config\node\trainer\input\task_0
11:45:06,460 11173 [Thread-3] DEBUG amuse.util.FileOperations - Deleting: C:\Users\NICOLAS\Documents\Cours\M2\Projet industriel\AMUSE\amuse\config\node\trainer\input\task_0
11:45:06,606 11319 [Thread-2] INFO  amuse.scheduler.taskstarters.ClassificationTrainingStarter - 1/1 classification training jobs finished sucessfully!
11:48:59,142 0    [main] INFO  class amuse.preferences.AmusePreferences - Using the environment variable 'AMUSEHOME'
11:48:59,306 164  [main] INFO  amuse.scheduler.Scheduler - Scheduler started...
11:49:08,020 8878 [Thread-3] DEBUG amuse.nodes.trainer.TrainerNodeScheduler - amuse.nodes.trainer.TrainerNodeScheduler thread started
11:49:08,022 8880 [Thread-3] INFO  amuse.nodes.trainer.TrainerNodeScheduler - Classification trainer node scheduler for ground truth source 0 started
11:49:08,044 8902 [Thread-3] DEBUG amuse.nodes.trainer.TrainerNodeScheduler - Loading: C:\Users\NICOLAS\Documents\Cours\M2\Projet industriel\amuseFiles\Processed_Features\Foxtrot\109218\109218_1__0[true_true]__5000ms_2500ms.arff
11:49:08,061 8919 [Thread-3] DEBUG amuse.nodes.trainer.TrainerNodeScheduler - Loading: C:\Users\NICOLAS\Documents\Cours\M2\Projet industriel\amuseFiles\Processed_Features\Foxtrot\113701\113701_1__0[true_true]__5000ms_2500ms.arff
11:49:08,065 8923 [Thread-3] DEBUG amuse.nodes.trainer.TrainerNodeScheduler - Loading: C:\Users\NICOLAS\Documents\Cours\M2\Projet industriel\amuseFiles\Processed_Features\Foxtrot\106610\106610_1__0[true_true]__5000ms_2500ms.arff
11:49:08,068 8926 [Thread-3] DEBUG amuse.nodes.trainer.TrainerNodeScheduler - Loading: C:\Users\NICOLAS\Documents\Cours\M2\Projet industriel\amuseFiles\Processed_Features\Foxtrot\104509\104509_1__0[true_true]__5000ms_2500ms.arff
11:49:08,071 8929 [Thread-3] DEBUG amuse.nodes.trainer.TrainerNodeScheduler - Loading: C:\Users\NICOLAS\Documents\Cours\M2\Projet industriel\amuseFiles\Processed_Features\Foxtrot\111801\111801_1__0[true_true]__5000ms_2500ms.arff
11:49:08,076 8934 [Thread-3] DEBUG amuse.nodes.trainer.TrainerNodeScheduler - Loading: C:\Users\NICOLAS\Documents\Cours\M2\Projet industriel\amuseFiles\Processed_Features\Foxtrot\107722\107722_1__0[true_true]__5000ms_2500ms.arff
11:49:08,082 8940 [Thread-3] DEBUG amuse.nodes.trainer.TrainerNodeScheduler - Loading: C:\Users\NICOLAS\Documents\Cours\M2\Projet industriel\amuseFiles\Processed_Features\Foxtrot\114115\114115_1__0[true_true]__5000ms_2500ms.arff
11:49:08,086 8944 [Thread-3] DEBUG amuse.nodes.trainer.TrainerNodeScheduler - Loading: C:\Users\NICOLAS\Documents\Cours\M2\Projet industriel\amuseFiles\Processed_Features\Foxtrot\105514\105514_1__0[true_true]__5000ms_2500ms.arff
11:49:08,090 8948 [Thread-3] DEBUG amuse.nodes.trainer.TrainerNodeScheduler - Loading: C:\Users\NICOLAS\Documents\Cours\M2\Projet industriel\amuseFiles\Processed_Features\Foxtrot\118702\118702_1__0[true_true]__5000ms_2500ms.arff
11:49:08,097 8955 [Thread-3] DEBUG amuse.nodes.trainer.TrainerNodeScheduler - Loading: C:\Users\NICOLAS\Documents\Cours\M2\Projet industriel\amuseFiles\Processed_Features\Foxtrot\101012\101012_1__0[true_true]__5000ms_2500ms.arff
11:49:08,102 8960 [Thread-3] DEBUG amuse.nodes.trainer.TrainerNodeScheduler - Loading: C:\Users\NICOLAS\Documents\Cours\M2\Projet industriel\amuseFiles\Processed_Features\Foxtrot\114422\114422_1__0[true_true]__5000ms_2500ms.arff
11:49:08,106 8964 [Thread-3] DEBUG amuse.nodes.trainer.TrainerNodeScheduler - Loading: C:\Users\NICOLAS\Documents\Cours\M2\Projet industriel\amuseFiles\Processed_Features\Foxtrot\110233\110233_1__0[true_true]__5000ms_2500ms.arff
11:49:08,111 8969 [Thread-3] DEBUG amuse.nodes.trainer.TrainerNodeScheduler - Loading: C:\Users\NICOLAS\Documents\Cours\M2\Projet industriel\amuseFiles\Processed_Features\Foxtrot\116415\116415_1__0[true_true]__5000ms_2500ms.arff
11:49:08,118 8976 [Thread-3] DEBUG amuse.nodes.trainer.TrainerNodeScheduler - Loading: C:\Users\NICOLAS\Documents\Cours\M2\Projet industriel\amuseFiles\Processed_Features\Foxtrot\116223\116223_1__0[true_true]__5000ms_2500ms.arff
11:49:08,122 8980 [Thread-3] DEBUG amuse.nodes.trainer.TrainerNodeScheduler - Loading: C:\Users\NICOLAS\Documents\Cours\M2\Projet industriel\amuseFiles\Processed_Features\Foxtrot\110218\110218_1__0[true_true]__5000ms_2500ms.arff
11:49:08,126 8984 [Thread-3] DEBUG amuse.nodes.trainer.TrainerNodeScheduler - Loading: C:\Users\NICOLAS\Documents\Cours\M2\Projet industriel\amuseFiles\Processed_Features\Foxtrot\105014\105014_1__0[true_true]__5000ms_2500ms.arff
11:49:08,132 8990 [Thread-3] DEBUG amuse.nodes.trainer.TrainerNodeScheduler - Loading: C:\Users\NICOLAS\Documents\Cours\M2\Projet industriel\amuseFiles\Processed_Features\Foxtrot\108216\108216_1__0[true_true]__5000ms_2500ms.arff
11:49:08,138 8996 [Thread-3] DEBUG amuse.nodes.trainer.TrainerNodeScheduler - Loading: C:\Users\NICOLAS\Documents\Cours\M2\Projet industriel\amuseFiles\Processed_Features\Foxtrot\109206\109206_1__0[true_true]__5000ms_2500ms.arff
11:49:08,141 8999 [Thread-3] DEBUG amuse.nodes.trainer.TrainerNodeScheduler - Loading: C:\Users\NICOLAS\Documents\Cours\M2\Projet industriel\amuseFiles\Processed_Features\Foxtrot\117930\117930_1__0[true_true]__5000ms_2500ms.arff
11:49:08,146 9004 [Thread-3] DEBUG amuse.nodes.trainer.TrainerNodeScheduler - Loading: C:\Users\NICOLAS\Documents\Cours\M2\Projet industriel\amuseFiles\Processed_Features\Foxtrot\113026\113026_1__0[true_true]__5000ms_2500ms.arff
11:49:08,151 9009 [Thread-3] DEBUG amuse.nodes.trainer.TrainerNodeScheduler - Loading: C:\Users\NICOLAS\Documents\Cours\M2\Projet industriel\amuseFiles\Processed_Features\Foxtrot\116224\116224_1__0[true_true]__5000ms_2500ms.arff
11:49:08,154 9012 [Thread-3] DEBUG amuse.nodes.trainer.TrainerNodeScheduler - Loading: C:\Users\NICOLAS\Documents\Cours\M2\Projet industriel\amuseFiles\Processed_Features\Foxtrot\110232\110232_1__0[true_true]__5000ms_2500ms.arff
11:49:08,161 9019 [Thread-3] DEBUG amuse.nodes.trainer.TrainerNodeScheduler - Loading: C:\Users\NICOLAS\Documents\Cours\M2\Projet industriel\amuseFiles\Processed_Features\Foxtrot\111802\111802_1__0[true_true]__5000ms_2500ms.arff
11:49:08,169 9027 [Thread-3] DEBUG amuse.nodes.trainer.TrainerNodeScheduler - Loading: C:\Users\NICOLAS\Documents\Cours\M2\Projet industriel\amuseFiles\Processed_Features\Foxtrot\118705\118705_1__0[true_true]__5000ms_2500ms.arff
11:49:08,176 9034 [Thread-3] DEBUG amuse.nodes.trainer.TrainerNodeScheduler - Loading: C:\Users\NICOLAS\Documents\Cours\M2\Projet industriel\amuseFiles\Processed_Features\Foxtrot\113709\113709_1__0[true_true]__5000ms_2500ms.arff
11:49:08,185 9043 [Thread-3] DEBUG amuse.nodes.trainer.TrainerNodeScheduler - Loading: C:\Users\NICOLAS\Documents\Cours\M2\Projet industriel\amuseFiles\Processed_Features\Foxtrot\114427\114427_1__0[true_true]__5000ms_2500ms.arff
11:49:08,192 9050 [Thread-3] DEBUG amuse.nodes.trainer.TrainerNodeScheduler - Loading: C:\Users\NICOLAS\Documents\Cours\M2\Projet industriel\amuseFiles\Processed_Features\Foxtrot\118709\118709_1__0[true_true]__5000ms_2500ms.arff
11:49:08,201 9059 [Thread-3] DEBUG amuse.nodes.trainer.TrainerNodeScheduler - Loading: C:\Users\NICOLAS\Documents\Cours\M2\Projet industriel\amuseFiles\Processed_Features\Foxtrot\116016\116016_1__0[true_true]__5000ms_2500ms.arff
11:49:08,209 9067 [Thread-3] DEBUG amuse.nodes.trainer.TrainerNodeScheduler - Loading: C:\Users\NICOLAS\Documents\Cours\M2\Projet industriel\amuseFiles\Processed_Features\Foxtrot\113526\113526_1__0[true_true]__5000ms_2500ms.arff
11:49:08,217 9075 [Thread-3] DEBUG amuse.nodes.trainer.TrainerNodeScheduler - Loading: C:\Users\NICOLAS\Documents\Cours\M2\Projet industriel\amuseFiles\Processed_Features\Foxtrot\110205\110205_1__0[true_true]__5000ms_2500ms.arff
11:49:08,222 9080 [Thread-3] DEBUG amuse.nodes.trainer.TrainerNodeScheduler - Loading: C:\Users\NICOLAS\Documents\Cours\M2\Projet industriel\amuseFiles\Processed_Features\Foxtrot\117318\117318_1__0[true_true]__5000ms_2500ms.arff
11:49:08,229 9087 [Thread-3] DEBUG amuse.nodes.trainer.TrainerNodeScheduler - Loading: C:\Users\NICOLAS\Documents\Cours\M2\Projet industriel\amuseFiles\Processed_Features\Foxtrot\104813\104813_1__0[true_true]__5000ms_2500ms.arff
11:49:08,233 9091 [Thread-3] DEBUG amuse.nodes.trainer.TrainerNodeScheduler - Loading: C:\Users\NICOLAS\Documents\Cours\M2\Projet industriel\amuseFiles\Processed_Features\Foxtrot\116226\116226_1__0[true_true]__5000ms_2500ms.arff
11:49:08,240 9098 [Thread-3] DEBUG amuse.nodes.trainer.TrainerNodeScheduler - Loading: C:\Users\NICOLAS\Documents\Cours\M2\Projet industriel\amuseFiles\Processed_Features\Foxtrot\107720\107720_1__0[true_true]__5000ms_2500ms.arff
11:49:08,243 9101 [Thread-3] DEBUG amuse.nodes.trainer.TrainerNodeScheduler - Loading: C:\Users\NICOLAS\Documents\Cours\M2\Projet industriel\amuseFiles\Processed_Features\Foxtrot\111804\111804_1__0[true_true]__5000ms_2500ms.arff
11:49:08,249 9107 [Thread-3] DEBUG amuse.nodes.trainer.TrainerNodeScheduler - Loading: C:\Users\NICOLAS\Documents\Cours\M2\Projet industriel\amuseFiles\Processed_Features\Foxtrot\115710\115710_1__0[true_true]__5000ms_2500ms.arff
11:49:08,253 9111 [Thread-3] DEBUG amuse.nodes.trainer.TrainerNodeScheduler - Loading: C:\Users\NICOLAS\Documents\Cours\M2\Projet industriel\amuseFiles\Processed_Features\Foxtrot\107724\107724_1__0[true_true]__5000ms_2500ms.arff
11:49:08,259 9117 [Thread-3] DEBUG amuse.nodes.trainer.TrainerNodeScheduler - Loading: C:\Users\NICOLAS\Documents\Cours\M2\Projet industriel\amuseFiles\Processed_Features\Foxtrot\108303\108303_1__0[true_true]__5000ms_2500ms.arff
11:49:08,267 9125 [Thread-3] DEBUG amuse.nodes.trainer.TrainerNodeScheduler - Loading: C:\Users\NICOLAS\Documents\Cours\M2\Projet industriel\amuseFiles\Processed_Features\Foxtrot\117932\117932_1__0[true_true]__5000ms_2500ms.arff
11:49:08,270 9128 [Thread-3] DEBUG amuse.nodes.trainer.TrainerNodeScheduler - Loading: C:\Users\NICOLAS\Documents\Cours\M2\Projet industriel\amuseFiles\Processed_Features\Foxtrot\110623\110623_1__0[true_true]__5000ms_2500ms.arff
11:49:08,274 9132 [Thread-3] DEBUG amuse.nodes.trainer.TrainerNodeScheduler - Loading: C:\Users\NICOLAS\Documents\Cours\M2\Projet industriel\amuseFiles\Processed_Features\Foxtrot\113524\113524_1__0[true_true]__5000ms_2500ms.arff
11:49:08,278 9136 [Thread-3] DEBUG amuse.nodes.trainer.TrainerNodeScheduler - Loading: C:\Users\NICOLAS\Documents\Cours\M2\Projet industriel\amuseFiles\Processed_Features\Foxtrot\110221\110221_1__0[true_true]__5000ms_2500ms.arff
11:49:08,285 9143 [Thread-3] DEBUG amuse.nodes.trainer.TrainerNodeScheduler - Loading: C:\Users\NICOLAS\Documents\Cours\M2\Projet industriel\amuseFiles\Processed_Features\Foxtrot\112018\112018_1__0[true_true]__5000ms_2500ms.arff
11:49:08,291 9149 [Thread-3] DEBUG amuse.nodes.trainer.TrainerNodeScheduler - Loading: C:\Users\NICOLAS\Documents\Cours\M2\Projet industriel\amuseFiles\Processed_Features\Foxtrot\107918\107918_1__0[true_true]__5000ms_2500ms.arff
11:49:08,300 9158 [Thread-3] DEBUG amuse.nodes.trainer.TrainerNodeScheduler - Loading: C:\Users\NICOLAS\Documents\Cours\M2\Projet industriel\amuseFiles\Processed_Features\Foxtrot\116820\116820_1__0[true_true]__5000ms_2500ms.arff
11:49:08,303 9161 [Thread-3] DEBUG amuse.nodes.trainer.TrainerNodeScheduler - Loading: C:\Users\NICOLAS\Documents\Cours\M2\Projet industriel\amuseFiles\Processed_Features\Foxtrot\112718\112718_1__0[true_true]__5000ms_2500ms.arff
11:49:08,307 9165 [Thread-3] DEBUG amuse.nodes.trainer.TrainerNodeScheduler - Loading: C:\Users\NICOLAS\Documents\Cours\M2\Projet industriel\amuseFiles\Processed_Features\Foxtrot\112715\112715_1__0[true_true]__5000ms_2500ms.arff
11:49:08,315 9173 [Thread-3] DEBUG amuse.nodes.trainer.TrainerNodeScheduler - Loading: C:\Users\NICOLAS\Documents\Cours\M2\Projet industriel\amuseFiles\Processed_Features\Foxtrot\118704\118704_1__0[true_true]__5000ms_2500ms.arff
11:49:08,318 9176 [Thread-3] DEBUG amuse.nodes.trainer.TrainerNodeScheduler - Loading: C:\Users\NICOLAS\Documents\Cours\M2\Projet industriel\amuseFiles\Processed_Features\Foxtrot\115104\115104_1__0[true_true]__5000ms_2500ms.arff
11:49:08,326 9184 [Thread-3] DEBUG amuse.nodes.trainer.TrainerNodeScheduler - Loading: C:\Users\NICOLAS\Documents\Cours\M2\Projet industriel\amuseFiles\Processed_Features\Foxtrot\111808\111808_1__0[true_true]__5000ms_2500ms.arff
11:49:08,330 9188 [Thread-3] DEBUG amuse.nodes.trainer.TrainerNodeScheduler - Loading: C:\Users\NICOLAS\Documents\Cours\M2\Projet industriel\amuseFiles\Processed_Features\Foxtrot\109204\109204_1__0[true_true]__5000ms_2500ms.arff
11:49:08,334 9192 [Thread-3] DEBUG amuse.nodes.trainer.TrainerNodeScheduler - Loading: C:\Users\NICOLAS\Documents\Cours\M2\Projet industriel\amuseFiles\Processed_Features\Foxtrot\117528\117528_1__0[true_true]__5000ms_2500ms.arff
11:49:08,339 9197 [Thread-3] DEBUG amuse.nodes.trainer.TrainerNodeScheduler - Loading: C:\Users\NICOLAS\Documents\Cours\M2\Projet industriel\amuseFiles\Processed_Features\Foxtrot\109214\109214_1__0[true_true]__5000ms_2500ms.arff
11:49:08,344 9202 [Thread-3] DEBUG amuse.nodes.trainer.TrainerNodeScheduler - Loading: C:\Users\NICOLAS\Documents\Cours\M2\Projet industriel\amuseFiles\Processed_Features\Foxtrot\117933\117933_1__0[true_true]__5000ms_2500ms.arff
11:49:08,347 9205 [Thread-3] DEBUG amuse.nodes.trainer.TrainerNodeScheduler - Loading: C:\Users\NICOLAS\Documents\Cours\M2\Projet industriel\amuseFiles\Processed_Features\Foxtrot\109913\109913_1__0[true_true]__5000ms_2500ms.arff
11:49:08,362 9220 [Thread-3] DEBUG amuse.nodes.trainer.TrainerNodeScheduler - Loading: C:\Users\NICOLAS\Documents\Cours\M2\Projet industriel\amuseFiles\Processed_Features\Foxtrot\117724\117724_1__0[true_true]__5000ms_2500ms.arff
11:49:08,367 9225 [Thread-3] DEBUG amuse.nodes.trainer.TrainerNodeScheduler - Loading: C:\Users\NICOLAS\Documents\Cours\M2\Projet industriel\amuseFiles\Processed_Features\Foxtrot\111425\111425_1__0[true_true]__5000ms_2500ms.arff
11:49:08,370 9228 [Thread-3] DEBUG amuse.nodes.trainer.TrainerNodeScheduler - Loading: C:\Users\NICOLAS\Documents\Cours\M2\Projet industriel\amuseFiles\Processed_Features\Foxtrot\105910\105910_1__0[true_true]__5000ms_2500ms.arff
11:49:08,377 9235 [Thread-3] DEBUG amuse.nodes.trainer.TrainerNodeScheduler - Loading: C:\Users\NICOLAS\Documents\Cours\M2\Projet industriel\amuseFiles\Processed_Features\Foxtrot\105815\105815_1__0[true_true]__5000ms_2500ms.arff
11:49:08,382 9240 [Thread-3] DEBUG amuse.nodes.trainer.TrainerNodeScheduler - Loading: C:\Users\NICOLAS\Documents\Cours\M2\Projet industriel\amuseFiles\Processed_Features\Foxtrot\114017\114017_1__0[true_true]__5000ms_2500ms.arff
11:49:08,389 9247 [Thread-3] DEBUG amuse.nodes.trainer.TrainerNodeScheduler - Loading: C:\Users\NICOLAS\Documents\Cours\M2\Projet industriel\amuseFiles\Processed_Features\Foxtrot\113315\113315_1__0[true_true]__5000ms_2500ms.arff
11:49:08,393 9251 [Thread-3] DEBUG amuse.nodes.trainer.TrainerNodeScheduler - Loading: C:\Users\NICOLAS\Documents\Cours\M2\Projet industriel\amuseFiles\Processed_Features\Foxtrot\117730\117730_1__0[true_true]__5000ms_2500ms.arff
11:49:08,402 9260 [Thread-3] DEBUG amuse.nodes.trainer.TrainerNodeScheduler - Loading: C:\Users\NICOLAS\Documents\Cours\M2\Projet industriel\amuseFiles\Processed_Features\Foxtrot\107820\107820_1__0[true_true]__5000ms_2500ms.arff
11:49:08,405 9263 [Thread-3] DEBUG amuse.nodes.trainer.TrainerNodeScheduler - Loading: C:\Users\NICOLAS\Documents\Cours\M2\Projet industriel\amuseFiles\Processed_Features\Foxtrot\109219\109219_1__0[true_true]__5000ms_2500ms.arff
11:49:08,408 9266 [Thread-3] DEBUG amuse.nodes.trainer.TrainerNodeScheduler - Loading: C:\Users\NICOLAS\Documents\Cours\M2\Projet industriel\amuseFiles\Processed_Features\Foxtrot\101911\101911_1__0[true_true]__5000ms_2500ms.arff
11:49:08,415 9273 [Thread-3] DEBUG amuse.nodes.trainer.TrainerNodeScheduler - Loading: C:\Users\NICOLAS\Documents\Cours\M2\Projet industriel\amuseFiles\Processed_Features\Foxtrot\107330\107330_1__0[true_true]__5000ms_2500ms.arff
11:49:08,418 9276 [Thread-3] DEBUG amuse.nodes.trainer.TrainerNodeScheduler - Loading: C:\Users\NICOLAS\Documents\Cours\M2\Projet industriel\amuseFiles\Processed_Features\Foxtrot\104713\104713_1__0[true_true]__5000ms_2500ms.arff
11:49:08,426 9284 [Thread-3] DEBUG amuse.nodes.trainer.TrainerNodeScheduler - Loading: C:\Users\NICOLAS\Documents\Cours\M2\Projet industriel\amuseFiles\Processed_Features\Foxtrot\117320\117320_1__0[true_true]__5000ms_2500ms.arff
11:49:08,430 9288 [Thread-3] DEBUG amuse.nodes.trainer.TrainerNodeScheduler - Loading: C:\Users\NICOLAS\Documents\Cours\M2\Projet industriel\amuseFiles\Processed_Features\Foxtrot\110410\110410_1__0[true_true]__5000ms_2500ms.arff
11:49:08,434 9292 [Thread-3] DEBUG amuse.nodes.trainer.TrainerNodeScheduler - Loading: C:\Users\NICOLAS\Documents\Cours\M2\Projet industriel\amuseFiles\Processed_Features\Foxtrot\114424\114424_1__0[true_true]__5000ms_2500ms.arff
11:49:08,441 9299 [Thread-3] DEBUG amuse.nodes.trainer.TrainerNodeScheduler - Loading: C:\Users\NICOLAS\Documents\Cours\M2\Projet industriel\amuseFiles\Processed_Features\Foxtrot\105713\105713_1__0[true_true]__5000ms_2500ms.arff
11:49:08,445 9303 [Thread-3] DEBUG amuse.nodes.trainer.TrainerNodeScheduler - Loading: C:\Users\NICOLAS\Documents\Cours\M2\Projet industriel\amuseFiles\Processed_Features\Foxtrot\106215\106215_1__0[true_true]__5000ms_2500ms.arff
11:49:08,454 9312 [Thread-3] DEBUG amuse.nodes.trainer.TrainerNodeScheduler - Loading: C:\Users\NICOLAS\Documents\Cours\M2\Projet industriel\amuseFiles\Processed_Features\Foxtrot\115824\115824_1__0[true_true]__5000ms_2500ms.arff
11:49:08,457 9315 [Thread-3] DEBUG amuse.nodes.trainer.TrainerNodeScheduler - Loading: C:\Users\NICOLAS\Documents\Cours\M2\Projet industriel\amuseFiles\Processed_Features\Foxtrot\115709\115709_1__0[true_true]__5000ms_2500ms.arff
11:49:08,460 9318 [Thread-3] DEBUG amuse.nodes.trainer.TrainerNodeScheduler - Loading: C:\Users\NICOLAS\Documents\Cours\M2\Projet industriel\amuseFiles\Processed_Features\Foxtrot\107326\107326_1__0[true_true]__5000ms_2500ms.arff
11:49:08,467 9325 [Thread-3] DEBUG amuse.nodes.trainer.TrainerNodeScheduler - Loading: C:\Users\NICOLAS\Documents\Cours\M2\Projet industriel\amuseFiles\Processed_Features\Foxtrot\107723\107723_1__0[true_true]__5000ms_2500ms.arff
11:49:08,469 9327 [Thread-3] DEBUG amuse.nodes.trainer.TrainerNodeScheduler - Loading: C:\Users\NICOLAS\Documents\Cours\M2\Projet industriel\amuseFiles\Processed_Features\Foxtrot\108212\108212_1__0[true_true]__5000ms_2500ms.arff
11:49:08,477 9335 [Thread-3] DEBUG amuse.nodes.trainer.TrainerNodeScheduler - Loading: C:\Users\NICOLAS\Documents\Cours\M2\Projet industriel\amuseFiles\Processed_Features\Foxtrot\111428\111428_1__0[true_true]__5000ms_2500ms.arff
11:49:08,482 9340 [Thread-3] DEBUG amuse.nodes.trainer.TrainerNodeScheduler - Loading: C:\Users\NICOLAS\Documents\Cours\M2\Projet industriel\amuseFiles\Processed_Features\Foxtrot\113124\113124_1__0[true_true]__5000ms_2500ms.arff
11:49:08,488 9346 [Thread-3] DEBUG amuse.nodes.trainer.TrainerNodeScheduler - Loading: C:\Users\NICOLAS\Documents\Cours\M2\Projet industriel\amuseFiles\Processed_Features\Foxtrot\112631\112631_1__0[true_true]__5000ms_2500ms.arff
11:49:08,492 9350 [Thread-3] DEBUG amuse.nodes.trainer.TrainerNodeScheduler - Loading: C:\Users\NICOLAS\Documents\Cours\M2\Projet industriel\amuseFiles\Processed_Features\Foxtrot\118118\118118_1__0[true_true]__5000ms_2500ms.arff
11:49:08,500 9358 [Thread-3] DEBUG amuse.nodes.trainer.TrainerNodeScheduler - Loading: C:\Users\NICOLAS\Documents\Cours\M2\Projet industriel\amuseFiles\Processed_Features\Foxtrot\108013\108013_1__0[true_true]__5000ms_2500ms.arff
11:49:08,503 9361 [Thread-3] DEBUG amuse.nodes.trainer.TrainerNodeScheduler - Loading: C:\Users\NICOLAS\Documents\Cours\M2\Projet industriel\amuseFiles\Processed_Features\Foxtrot\118327\118327_1__0[true_true]__5000ms_2500ms.arff
11:49:08,510 9368 [Thread-3] DEBUG amuse.nodes.trainer.TrainerNodeScheduler - Loading: C:\Users\NICOLAS\Documents\Cours\M2\Projet industriel\amuseFiles\Processed_Features\Foxtrot\114118\114118_1__0[true_true]__5000ms_2500ms.arff
11:49:08,515 9373 [Thread-3] DEBUG amuse.nodes.trainer.TrainerNodeScheduler - Loading: C:\Users\NICOLAS\Documents\Cours\M2\Projet industriel\amuseFiles\Processed_Features\Foxtrot\107821\107821_1__0[true_true]__5000ms_2500ms.arff
11:49:08,522 9380 [Thread-3] DEBUG amuse.nodes.trainer.TrainerNodeScheduler - Loading: C:\Users\NICOLAS\Documents\Cours\M2\Projet industriel\amuseFiles\Processed_Features\Foxtrot\108012\108012_1__0[true_true]__5000ms_2500ms.arff
11:49:08,525 9383 [Thread-3] DEBUG amuse.nodes.trainer.TrainerNodeScheduler - Loading: C:\Users\NICOLAS\Documents\Cours\M2\Projet industriel\amuseFiles\Processed_Features\Foxtrot\111803\111803_1__0[true_true]__5000ms_2500ms.arff
11:49:08,535 9393 [Thread-3] DEBUG amuse.nodes.trainer.TrainerNodeScheduler - Loading: C:\Users\NICOLAS\Documents\Cours\M2\Projet industriel\amuseFiles\Processed_Features\Foxtrot\113130\113130_1__0[true_true]__5000ms_2500ms.arff
11:49:08,538 9396 [Thread-3] DEBUG amuse.nodes.trainer.TrainerNodeScheduler - Loading: C:\Users\NICOLAS\Documents\Cours\M2\Projet industriel\amuseFiles\Processed_Features\Foxtrot\104215\104215_1__0[true_true]__5000ms_2500ms.arff
11:49:08,545 9403 [Thread-3] DEBUG amuse.nodes.trainer.TrainerNodeScheduler - Loading: C:\Users\NICOLAS\Documents\Cours\M2\Projet industriel\amuseFiles\Processed_Features\Foxtrot\107913\107913_1__0[true_true]__5000ms_2500ms.arff
11:49:08,550 9408 [Thread-3] DEBUG amuse.nodes.trainer.TrainerNodeScheduler - Loading: C:\Users\NICOLAS\Documents\Cours\M2\Projet industriel\amuseFiles\Processed_Features\Foxtrot\110629\110629_1__0[true_true]__5000ms_2500ms.arff
11:49:08,553 9411 [Thread-3] DEBUG amuse.nodes.trainer.TrainerNodeScheduler - Loading: C:\Users\NICOLAS\Documents\Cours\M2\Projet industriel\amuseFiles\Processed_Features\Foxtrot\108211\108211_1__0[true_true]__5000ms_2500ms.arff
11:49:08,559 9417 [Thread-3] DEBUG amuse.nodes.trainer.TrainerNodeScheduler - Loading: C:\Users\NICOLAS\Documents\Cours\M2\Projet industriel\amuseFiles\Processed_Features\Foxtrot\113128\113128_1__0[true_true]__5000ms_2500ms.arff
11:49:08,563 9421 [Thread-3] DEBUG amuse.nodes.trainer.TrainerNodeScheduler - Loading: C:\Users\NICOLAS\Documents\Cours\M2\Projet industriel\amuseFiles\Processed_Features\Foxtrot\107827\107827_1__0[true_true]__5000ms_2500ms.arff
11:49:08,572 9430 [Thread-3] DEBUG amuse.nodes.trainer.TrainerNodeScheduler - Loading: C:\Users\NICOLAS\Documents\Cours\M2\Projet industriel\amuseFiles\Processed_Features\Foxtrot\100612\100612_1__0[true_true]__5000ms_2500ms.arff
11:49:08,575 9433 [Thread-3] DEBUG amuse.nodes.trainer.TrainerNodeScheduler - Loading: C:\Users\NICOLAS\Documents\Cours\M2\Projet industriel\amuseFiles\Processed_Features\Foxtrot\108105\108105_1__0[true_true]__5000ms_2500ms.arff
11:49:08,578 9436 [Thread-3] DEBUG amuse.nodes.trainer.TrainerNodeScheduler - Loading: C:\Users\NICOLAS\Documents\Cours\M2\Projet industriel\amuseFiles\Processed_Features\Foxtrot\117317\117317_1__0[true_true]__5000ms_2500ms.arff
11:49:08,585 9443 [Thread-3] DEBUG amuse.nodes.trainer.TrainerNodeScheduler - Loading: C:\Users\NICOLAS\Documents\Cours\M2\Projet industriel\amuseFiles\Processed_Features\Foxtrot\109417\109417_1__0[true_true]__5000ms_2500ms.arff
11:49:08,588 9446 [Thread-3] DEBUG amuse.nodes.trainer.TrainerNodeScheduler - Loading: C:\Users\NICOLAS\Documents\Cours\M2\Projet industriel\amuseFiles\Processed_Features\Foxtrot\111426\111426_1__0[true_true]__5000ms_2500ms.arff
11:49:08,598 9456 [Thread-3] DEBUG amuse.nodes.trainer.TrainerNodeScheduler - Loading: C:\Users\NICOLAS\Documents\Cours\M2\Projet industriel\amuseFiles\Processed_Features\Foxtrot\107334\107334_1__0[true_true]__5000ms_2500ms.arff
11:49:08,601 9459 [Thread-3] DEBUG amuse.nodes.trainer.TrainerNodeScheduler - Loading: C:\Users\NICOLAS\Documents\Cours\M2\Projet industriel\amuseFiles\Processed_Features\Foxtrot\114915\114915_1__0[true_true]__5000ms_2500ms.arff
11:49:08,603 9461 [Thread-3] DEBUG amuse.nodes.trainer.TrainerNodeScheduler - Loading: C:\Users\NICOLAS\Documents\Cours\M2\Projet industriel\amuseFiles\Processed_Features\Rumba\118211\118211_1__0[true_true]__5000ms_2500ms.arff
11:49:08,610 9468 [Thread-3] DEBUG amuse.nodes.trainer.TrainerNodeScheduler - Loading: C:\Users\NICOLAS\Documents\Cours\M2\Projet industriel\amuseFiles\Processed_Features\Rumba\117619\117619_1__0[true_true]__5000ms_2500ms.arff
11:49:08,614 9472 [Thread-3] DEBUG amuse.nodes.trainer.TrainerNodeScheduler - Loading: C:\Users\NICOLAS\Documents\Cours\M2\Projet industriel\amuseFiles\Processed_Features\Rumba\111720\111720_1__0[true_true]__5000ms_2500ms.arff
11:49:08,617 9475 [Thread-3] DEBUG amuse.nodes.trainer.TrainerNodeScheduler - Loading: C:\Users\NICOLAS\Documents\Cours\M2\Projet industriel\amuseFiles\Processed_Features\Rumba\115229\115229_1__0[true_true]__5000ms_2500ms.arff
11:49:08,622 9480 [Thread-3] DEBUG amuse.nodes.trainer.TrainerNodeScheduler - Loading: C:\Users\NICOLAS\Documents\Cours\M2\Projet industriel\amuseFiles\Processed_Features\Rumba\105411\105411_1__0[true_true]__5000ms_2500ms.arff
11:49:08,626 9484 [Thread-3] DEBUG amuse.nodes.trainer.TrainerNodeScheduler - Loading: C:\Users\NICOLAS\Documents\Cours\M2\Projet industriel\amuseFiles\Processed_Features\Rumba\105419\105419_1__0[true_true]__5000ms_2500ms.arff
11:49:08,634 9492 [Thread-3] DEBUG amuse.nodes.trainer.TrainerNodeScheduler - Loading: C:\Users\NICOLAS\Documents\Cours\M2\Projet industriel\amuseFiles\Processed_Features\Rumba\111230\111230_1__0[true_true]__5000ms_2500ms.arff
11:49:08,637 9495 [Thread-3] DEBUG amuse.nodes.trainer.TrainerNodeScheduler - Loading: C:\Users\NICOLAS\Documents\Cours\M2\Projet industriel\amuseFiles\Processed_Features\Rumba\117826\117826_1__0[true_true]__5000ms_2500ms.arff
11:49:08,644 9502 [Thread-3] DEBUG amuse.nodes.trainer.TrainerNodeScheduler - Loading: C:\Users\NICOLAS\Documents\Cours\M2\Projet industriel\amuseFiles\Processed_Features\Rumba\100709\100709_1__0[true_true]__5000ms_2500ms.arff
11:49:08,648 9506 [Thread-3] DEBUG amuse.nodes.trainer.TrainerNodeScheduler - Loading: C:\Users\NICOLAS\Documents\Cours\M2\Projet industriel\amuseFiles\Processed_Features\Rumba\115925\115925_1__0[true_true]__5000ms_2500ms.arff
11:49:08,657 9515 [Thread-3] DEBUG amuse.nodes.trainer.TrainerNodeScheduler - Loading: C:\Users\NICOLAS\Documents\Cours\M2\Projet industriel\amuseFiles\Processed_Features\Rumba\110723\110723_1__0[true_true]__5000ms_2500ms.arff
11:49:08,661 9519 [Thread-3] DEBUG amuse.nodes.trainer.TrainerNodeScheduler - Loading: C:\Users\NICOLAS\Documents\Cours\M2\Projet industriel\amuseFiles\Processed_Features\Rumba\111922\111922_1__0[true_true]__5000ms_2500ms.arff
11:49:08,666 9524 [Thread-3] DEBUG amuse.nodes.trainer.TrainerNodeScheduler - Loading: C:\Users\NICOLAS\Documents\Cours\M2\Projet industriel\amuseFiles\Processed_Features\Rumba\114828\114828_1__0[true_true]__5000ms_2500ms.arff
11:49:08,674 9532 [Thread-3] DEBUG amuse.nodes.trainer.TrainerNodeScheduler - Loading: C:\Users\NICOLAS\Documents\Cours\M2\Projet industriel\amuseFiles\Processed_Features\Rumba\100811\100811_1__0[true_true]__5000ms_2500ms.arff
11:49:08,677 9535 [Thread-3] DEBUG amuse.nodes.trainer.TrainerNodeScheduler - Loading: C:\Users\NICOLAS\Documents\Cours\M2\Projet industriel\amuseFiles\Processed_Features\Rumba\112940\112940_1__0[true_true]__5000ms_2500ms.arff
11:49:08,680 9538 [Thread-3] DEBUG amuse.nodes.trainer.TrainerNodeScheduler - Loading: C:\Users\NICOLAS\Documents\Cours\M2\Projet industriel\amuseFiles\Processed_Features\Rumba\108412\108412_1__0[true_true]__5000ms_2500ms.arff
11:49:08,689 9547 [Thread-3] DEBUG amuse.nodes.trainer.TrainerNodeScheduler - Loading: C:\Users\NICOLAS\Documents\Cours\M2\Projet industriel\amuseFiles\Processed_Features\Rumba\110727\110727_1__0[true_true]__5000ms_2500ms.arff
11:49:08,691 9549 [Thread-3] DEBUG amuse.nodes.trainer.TrainerNodeScheduler - Loading: C:\Users\NICOLAS\Documents\Cours\M2\Projet industriel\amuseFiles\Processed_Features\Rumba\115230\115230_1__0[true_true]__5000ms_2500ms.arff
11:49:08,699 9557 [Thread-3] DEBUG amuse.nodes.trainer.TrainerNodeScheduler - Loading: C:\Users\NICOLAS\Documents\Cours\M2\Projet industriel\amuseFiles\Processed_Features\Rumba\118215\118215_1__0[true_true]__5000ms_2500ms.arff
11:49:08,701 9559 [Thread-3] DEBUG amuse.nodes.trainer.TrainerNodeScheduler - Loading: C:\Users\NICOLAS\Documents\Cours\M2\Projet industriel\amuseFiles\Processed_Features\Rumba\114824\114824_1__0[true_true]__5000ms_2500ms.arff
11:49:08,707 9565 [Thread-3] DEBUG amuse.nodes.trainer.TrainerNodeScheduler - Loading: C:\Users\NICOLAS\Documents\Cours\M2\Projet industriel\amuseFiles\Processed_Features\Rumba\115930\115930_1__0[true_true]__5000ms_2500ms.arff
11:49:08,710 9568 [Thread-3] DEBUG amuse.nodes.trainer.TrainerNodeScheduler - Loading: C:\Users\NICOLAS\Documents\Cours\M2\Projet industriel\amuseFiles\Processed_Features\Rumba\111617\111617_1__0[true_true]__5000ms_2500ms.arff
11:49:08,718 9576 [Thread-3] DEBUG amuse.nodes.trainer.TrainerNodeScheduler - Loading: C:\Users\NICOLAS\Documents\Cours\M2\Projet industriel\amuseFiles\Processed_Features\Rumba\106012\106012_1__0[true_true]__5000ms_2500ms.arff
11:49:08,721 9579 [Thread-3] DEBUG amuse.nodes.trainer.TrainerNodeScheduler - Loading: C:\Users\NICOLAS\Documents\Cours\M2\Projet industriel\amuseFiles\Processed_Features\Rumba\117119\117119_1__0[true_true]__5000ms_2500ms.arff
11:49:08,723 9581 [Thread-3] DEBUG amuse.nodes.trainer.TrainerNodeScheduler - Loading: C:\Users\NICOLAS\Documents\Cours\M2\Projet industriel\amuseFiles\Processed_Features\Rumba\101111\101111_1__0[true_true]__5000ms_2500ms.arff
11:49:08,728 9586 [Thread-3] DEBUG amuse.nodes.trainer.TrainerNodeScheduler - Loading: C:\Users\NICOLAS\Documents\Cours\M2\Projet industriel\amuseFiles\Processed_Features\Rumba\116122\116122_1__0[true_true]__5000ms_2500ms.arff
11:49:08,732 9590 [Thread-3] DEBUG amuse.nodes.trainer.TrainerNodeScheduler - Loading: C:\Users\NICOLAS\Documents\Cours\M2\Projet industriel\amuseFiles\Processed_Features\Rumba\114513\114513_1__0[true_true]__5000ms_2500ms.arff
11:49:08,735 9593 [Thread-3] DEBUG amuse.nodes.trainer.TrainerNodeScheduler - Loading: C:\Users\NICOLAS\Documents\Cours\M2\Projet industriel\amuseFiles\Processed_Features\Rumba\118829\118829_1__0[true_true]__5000ms_2500ms.arff
11:49:08,740 9598 [Thread-3] DEBUG amuse.nodes.trainer.TrainerNodeScheduler - Loading: C:\Users\NICOLAS\Documents\Cours\M2\Projet industriel\amuseFiles\Processed_Features\Rumba\117423\117423_1__0[true_true]__5000ms_2500ms.arff
11:49:08,744 9602 [Thread-3] DEBUG amuse.nodes.trainer.TrainerNodeScheduler - Loading: C:\Users\NICOLAS\Documents\Cours\M2\Projet industriel\amuseFiles\Processed_Features\Rumba\105408\105408_1__0[true_true]__5000ms_2500ms.arff
11:49:08,748 9606 [Thread-3] DEBUG amuse.nodes.trainer.TrainerNodeScheduler - Loading: C:\Users\NICOLAS\Documents\Cours\M2\Projet industriel\amuseFiles\Processed_Features\Rumba\106011\106011_1__0[true_true]__5000ms_2500ms.arff
11:49:08,754 9612 [Thread-3] DEBUG amuse.nodes.trainer.TrainerNodeScheduler - Loading: C:\Users\NICOLAS\Documents\Cours\M2\Projet industriel\amuseFiles\Processed_Features\Rumba\111227\111227_1__0[true_true]__5000ms_2500ms.arff
11:49:08,756 9614 [Thread-3] DEBUG amuse.nodes.trainer.TrainerNodeScheduler - Loading: C:\Users\NICOLAS\Documents\Cours\M2\Projet industriel\amuseFiles\Processed_Features\Rumba\118208\118208_1__0[true_true]__5000ms_2500ms.arff
11:49:08,759 9617 [Thread-3] DEBUG amuse.nodes.trainer.TrainerNodeScheduler - Loading: C:\Users\NICOLAS\Documents\Cours\M2\Projet industriel\amuseFiles\Processed_Features\Rumba\118825\118825_1__0[true_true]__5000ms_2500ms.arff
11:49:08,765 9623 [Thread-3] DEBUG amuse.nodes.trainer.TrainerNodeScheduler - Loading: C:\Users\NICOLAS\Documents\Cours\M2\Projet industriel\amuseFiles\Processed_Features\Rumba\118201\118201_1__0[true_true]__5000ms_2500ms.arff
11:49:08,767 9625 [Thread-3] DEBUG amuse.nodes.trainer.TrainerNodeScheduler - Loading: C:\Users\NICOLAS\Documents\Cours\M2\Projet industriel\amuseFiles\Processed_Features\Rumba\106812\106812_1__0[true_true]__5000ms_2500ms.arff
11:49:08,774 9632 [Thread-3] DEBUG amuse.nodes.trainer.TrainerNodeScheduler - Loading: C:\Users\NICOLAS\Documents\Cours\M2\Projet industriel\amuseFiles\Processed_Features\Rumba\107629\107629_1__0[true_true]__5000ms_2500ms.arff
11:49:08,777 9635 [Thread-3] DEBUG amuse.nodes.trainer.TrainerNodeScheduler - Loading: C:\Users\NICOLAS\Documents\Cours\M2\Projet industriel\amuseFiles\Processed_Features\Rumba\117824\117824_1__0[true_true]__5000ms_2500ms.arff
11:49:08,781 9639 [Thread-3] DEBUG amuse.nodes.trainer.TrainerNodeScheduler - Loading: C:\Users\NICOLAS\Documents\Cours\M2\Projet industriel\amuseFiles\Processed_Features\Rumba\112530\112530_1__0[true_true]__5000ms_2500ms.arff
11:49:08,789 9647 [Thread-3] DEBUG amuse.nodes.trainer.TrainerNodeScheduler - Loading: C:\Users\NICOLAS\Documents\Cours\M2\Projet industriel\amuseFiles\Processed_Features\Rumba\112429\112429_1__0[true_true]__5000ms_2500ms.arff
11:49:08,792 9650 [Thread-3] DEBUG amuse.nodes.trainer.TrainerNodeScheduler - Loading: C:\Users\NICOLAS\Documents\Cours\M2\Projet industriel\amuseFiles\Processed_Features\Rumba\112112\112112_1__0[true_true]__5000ms_2500ms.arff
11:49:08,796 9654 [Thread-3] DEBUG amuse.nodes.trainer.TrainerNodeScheduler - Loading: C:\Users\NICOLAS\Documents\Cours\M2\Projet industriel\amuseFiles\Processed_Features\Rumba\108414\108414_1__0[true_true]__5000ms_2500ms.arff
11:49:08,803 9661 [Thread-3] DEBUG amuse.nodes.trainer.TrainerNodeScheduler - Loading: C:\Users\NICOLAS\Documents\Cours\M2\Projet industriel\amuseFiles\Processed_Features\Rumba\107011\107011_1__0[true_true]__5000ms_2500ms.arff
11:49:08,806 9664 [Thread-3] DEBUG amuse.nodes.trainer.TrainerNodeScheduler - Loading: C:\Users\NICOLAS\Documents\Cours\M2\Projet industriel\amuseFiles\Processed_Features\Rumba\113627\113627_1__0[true_true]__5000ms_2500ms.arff
11:49:08,812 9670 [Thread-3] DEBUG amuse.nodes.trainer.TrainerNodeScheduler - Loading: C:\Users\NICOLAS\Documents\Cours\M2\Projet industriel\amuseFiles\Processed_Features\Rumba\101209\101209_1__0[true_true]__5000ms_2500ms.arff
11:49:08,816 9674 [Thread-3] DEBUG amuse.nodes.trainer.TrainerNodeScheduler - Loading: C:\Users\NICOLAS\Documents\Cours\M2\Projet industriel\amuseFiles\Processed_Features\Rumba\109709\109709_1__0[true_true]__5000ms_2500ms.arff
11:49:08,823 9681 [Thread-3] DEBUG amuse.nodes.trainer.TrainerNodeScheduler - Loading: C:\Users\NICOLAS\Documents\Cours\M2\Projet industriel\amuseFiles\Processed_Features\Rumba\110812\110812_1__0[true_true]__5000ms_2500ms.arff
11:49:08,826 9684 [Thread-3] DEBUG amuse.nodes.trainer.TrainerNodeScheduler - Loading: C:\Users\NICOLAS\Documents\Cours\M2\Projet industriel\amuseFiles\Processed_Features\Rumba\115926\115926_1__0[true_true]__5000ms_2500ms.arff
11:49:08,833 9691 [Thread-3] DEBUG amuse.nodes.trainer.TrainerNodeScheduler - Loading: C:\Users\NICOLAS\Documents\Cours\M2\Projet industriel\amuseFiles\Processed_Features\Rumba\118029\118029_1__0[true_true]__5000ms_2500ms.arff
11:49:08,836 9694 [Thread-3] DEBUG amuse.nodes.trainer.TrainerNodeScheduler - Loading: C:\Users\NICOLAS\Documents\Cours\M2\Projet industriel\amuseFiles\Processed_Features\Rumba\115226\115226_1__0[true_true]__5000ms_2500ms.arff
11:49:08,843 9701 [Thread-3] DEBUG amuse.nodes.trainer.TrainerNodeScheduler - Loading: C:\Users\NICOLAS\Documents\Cours\M2\Projet industriel\amuseFiles\Processed_Features\Rumba\113625\113625_1__0[true_true]__5000ms_2500ms.arff
11:49:08,847 9705 [Thread-3] DEBUG amuse.nodes.trainer.TrainerNodeScheduler - Loading: C:\Users\NICOLAS\Documents\Cours\M2\Projet industriel\amuseFiles\Processed_Features\Rumba\100710\100710_1__0[true_true]__5000ms_2500ms.arff
11:49:08,869 9727 [Thread-3] DEBUG amuse.nodes.trainer.TrainerNodeScheduler - Loading: C:\Users\NICOLAS\Documents\Cours\M2\Projet industriel\amuseFiles\Processed_Features\Rumba\108722\108722_1__0[true_true]__5000ms_2500ms.arff
11:49:08,872 9730 [Thread-3] DEBUG amuse.nodes.trainer.TrainerNodeScheduler - Loading: C:\Users\NICOLAS\Documents\Cours\M2\Projet industriel\amuseFiles\Processed_Features\Rumba\118831\118831_1__0[true_true]__5000ms_2500ms.arff
11:49:08,875 9733 [Thread-3] DEBUG amuse.nodes.trainer.TrainerNodeScheduler - Loading: C:\Users\NICOLAS\Documents\Cours\M2\Projet industriel\amuseFiles\Processed_Features\Rumba\116130\116130_1__0[true_true]__5000ms_2500ms.arff
11:49:08,882 9740 [Thread-3] DEBUG amuse.nodes.trainer.TrainerNodeScheduler - Loading: C:\Users\NICOLAS\Documents\Cours\M2\Projet industriel\amuseFiles\Processed_Features\Rumba\111930\111930_1__0[true_true]__5000ms_2500ms.arff
11:49:08,885 9743 [Thread-3] DEBUG amuse.nodes.trainer.TrainerNodeScheduler - Loading: C:\Users\NICOLAS\Documents\Cours\M2\Projet industriel\amuseFiles\Processed_Features\Rumba\109711\109711_1__0[true_true]__5000ms_2500ms.arff
11:49:08,887 9745 [Thread-3] DEBUG amuse.nodes.trainer.TrainerNodeScheduler - Loading: C:\Users\NICOLAS\Documents\Cours\M2\Projet industriel\amuseFiles\Processed_Features\Rumba\108727\108727_1__0[true_true]__5000ms_2500ms.arff
11:49:08,893 9751 [Thread-3] DEBUG amuse.nodes.trainer.TrainerNodeScheduler - Loading: C:\Users\NICOLAS\Documents\Cours\M2\Projet industriel\amuseFiles\Processed_Features\Rumba\113827\113827_1__0[true_true]__5000ms_2500ms.arff
11:49:08,898 9756 [Thread-3] DEBUG amuse.nodes.trainer.TrainerNodeScheduler - Loading: C:\Users\NICOLAS\Documents\Cours\M2\Projet industriel\amuseFiles\Processed_Features\Rumba\106009\106009_1__0[true_true]__5000ms_2500ms.arff
11:49:08,905 9763 [Thread-3] DEBUG amuse.nodes.trainer.TrainerNodeScheduler - Loading: C:\Users\NICOLAS\Documents\Cours\M2\Projet industriel\amuseFiles\Processed_Features\Rumba\118206\118206_1__0[true_true]__5000ms_2500ms.arff
11:49:08,908 9766 [Thread-3] DEBUG amuse.nodes.trainer.TrainerNodeScheduler - Loading: C:\Users\NICOLAS\Documents\Cours\M2\Projet industriel\amuseFiles\Processed_Features\Rumba\114317\114317_1__0[true_true]__5000ms_2500ms.arff
11:49:08,911 9769 [Thread-3] DEBUG amuse.nodes.trainer.TrainerNodeScheduler - Loading: C:\Users\NICOLAS\Documents\Cours\M2\Projet industriel\amuseFiles\Processed_Features\Rumba\113822\113822_1__0[true_true]__5000ms_2500ms.arff
11:49:08,917 9775 [Thread-3] DEBUG amuse.nodes.trainer.TrainerNodeScheduler - Loading: C:\Users\NICOLAS\Documents\Cours\M2\Projet industriel\amuseFiles\Processed_Features\Rumba\108824\108824_1__0[true_true]__5000ms_2500ms.arff
11:49:08,920 9778 [Thread-3] DEBUG amuse.nodes.trainer.TrainerNodeScheduler - Loading: C:\Users\NICOLAS\Documents\Cours\M2\Projet industriel\amuseFiles\Processed_Features\Rumba\111527\111527_1__0[true_true]__5000ms_2500ms.arff
11:49:08,922 9780 [Thread-3] DEBUG amuse.nodes.trainer.TrainerNodeScheduler - Loading: C:\Users\NICOLAS\Documents\Cours\M2\Projet industriel\amuseFiles\Processed_Features\Rumba\107012\107012_1__0[true_true]__5000ms_2500ms.arff
11:49:08,927 9785 [Thread-3] DEBUG amuse.nodes.trainer.TrainerNodeScheduler - Loading: C:\Users\NICOLAS\Documents\Cours\M2\Projet industriel\amuseFiles\Processed_Features\Rumba\115627\115627_1__0[true_true]__5000ms_2500ms.arff
11:49:08,930 9788 [Thread-3] DEBUG amuse.nodes.trainer.TrainerNodeScheduler - Loading: C:\Users\NICOLAS\Documents\Cours\M2\Projet industriel\amuseFiles\Processed_Features\Rumba\112201\112201_1__0[true_true]__5000ms_2500ms.arff
11:49:08,934 9792 [Thread-3] DEBUG amuse.nodes.trainer.TrainerNodeScheduler - Loading: C:\Users\NICOLAS\Documents\Cours\M2\Projet industriel\amuseFiles\Processed_Features\Rumba\100711\100711_1__0[true_true]__5000ms_2500ms.arff
11:49:08,939 9797 [Thread-3] DEBUG amuse.nodes.trainer.TrainerNodeScheduler - Loading: C:\Users\NICOLAS\Documents\Cours\M2\Projet industriel\amuseFiles\Processed_Features\Rumba\111232\111232_1__0[true_true]__5000ms_2500ms.arff
11:49:08,943 9801 [Thread-3] DEBUG amuse.nodes.trainer.TrainerNodeScheduler - Loading: C:\Users\NICOLAS\Documents\Cours\M2\Projet industriel\amuseFiles\Processed_Features\Rumba\110820\110820_1__0[true_true]__5000ms_2500ms.arff
11:49:08,952 9810 [Thread-3] DEBUG amuse.nodes.trainer.TrainerNodeScheduler - Loading: C:\Users\NICOLAS\Documents\Cours\M2\Projet industriel\amuseFiles\Processed_Features\Rumba\110822\110822_1__0[true_true]__5000ms_2500ms.arff
11:49:08,955 9813 [Thread-3] DEBUG amuse.nodes.trainer.TrainerNodeScheduler - Loading: C:\Users\NICOLAS\Documents\Cours\M2\Projet industriel\amuseFiles\Processed_Features\Rumba\118425\118425_1__0[true_true]__5000ms_2500ms.arff
11:49:08,961 9819 [Thread-3] DEBUG amuse.nodes.trainer.TrainerNodeScheduler - Loading: C:\Users\NICOLAS\Documents\Cours\M2\Projet industriel\amuseFiles\Processed_Features\Rumba\107208\107208_1__0[true_true]__5000ms_2500ms.arff
11:49:08,965 9823 [Thread-3] DEBUG amuse.nodes.trainer.TrainerNodeScheduler - Loading: C:\Users\NICOLAS\Documents\Cours\M2\Projet industriel\amuseFiles\Processed_Features\Rumba\100812\100812_1__0[true_true]__5000ms_2500ms.arff
11:49:08,972 9830 [Thread-3] DEBUG amuse.nodes.trainer.TrainerNodeScheduler - Loading: C:\Users\NICOLAS\Documents\Cours\M2\Projet industriel\amuseFiles\Processed_Features\Rumba\106113\106113_1__0[true_true]__5000ms_2500ms.arff
11:49:08,975 9833 [Thread-3] DEBUG amuse.nodes.trainer.TrainerNodeScheduler - Loading: C:\Users\NICOLAS\Documents\Cours\M2\Projet industriel\amuseFiles\Processed_Features\Rumba\108729\108729_1__0[true_true]__5000ms_2500ms.arff
11:49:08,984 9842 [Thread-3] DEBUG amuse.nodes.trainer.TrainerNodeScheduler - Loading: C:\Users\NICOLAS\Documents\Cours\M2\Projet industriel\amuseFiles\Processed_Features\Rumba\108721\108721_1__0[true_true]__5000ms_2500ms.arff
11:49:08,986 9844 [Thread-3] DEBUG amuse.nodes.trainer.TrainerNodeScheduler - Loading: C:\Users\NICOLAS\Documents\Cours\M2\Projet industriel\amuseFiles\Processed_Features\Rumba\112528\112528_1__0[true_true]__5000ms_2500ms.arff
11:49:08,993 9851 [Thread-3] DEBUG amuse.nodes.trainer.TrainerNodeScheduler - Loading: C:\Users\NICOLAS\Documents\Cours\M2\Projet industriel\amuseFiles\Processed_Features\Rumba\113212\113212_1__0[true_true]__5000ms_2500ms.arff
11:49:08,997 9855 [Thread-3] DEBUG amuse.nodes.trainer.TrainerNodeScheduler - Loading: C:\Users\NICOLAS\Documents\Cours\M2\Projet industriel\amuseFiles\Processed_Features\Rumba\117220\117220_1__0[true_true]__5000ms_2500ms.arff
11:49:09,000 9858 [Thread-3] DEBUG amuse.nodes.trainer.TrainerNodeScheduler - Loading: C:\Users\NICOLAS\Documents\Cours\M2\Projet industriel\amuseFiles\Processed_Features\Rumba\108409\108409_1__0[true_true]__5000ms_2500ms.arff
11:49:09,006 9864 [Thread-3] DEBUG amuse.nodes.trainer.TrainerNodeScheduler - Loading: C:\Users\NICOLAS\Documents\Cours\M2\Projet industriel\amuseFiles\Processed_Features\Rumba\118426\118426_1__0[true_true]__5000ms_2500ms.arff
11:49:09,010 9868 [Thread-3] DEBUG amuse.nodes.trainer.TrainerNodeScheduler - Loading: C:\Users\NICOLAS\Documents\Cours\M2\Projet industriel\amuseFiles\Processed_Features\Rumba\116128\116128_1__0[true_true]__5000ms_2500ms.arff
11:49:09,016 9874 [Thread-3] DEBUG amuse.nodes.trainer.TrainerNodeScheduler - Loading: C:\Users\NICOLAS\Documents\Cours\M2\Projet industriel\amuseFiles\Processed_Features\Rumba\118514\118514_1__0[true_true]__5000ms_2500ms.arff
11:49:09,019 9877 [Thread-3] DEBUG amuse.nodes.trainer.TrainerNodeScheduler - Loading: C:\Users\NICOLAS\Documents\Cours\M2\Projet industriel\amuseFiles\Processed_Features\Rumba\115630\115630_1__0[true_true]__5000ms_2500ms.arff
11:49:09,021 9879 [Thread-3] DEBUG amuse.nodes.trainer.TrainerNodeScheduler - Loading: C:\Users\NICOLAS\Documents\Cours\M2\Projet industriel\amuseFiles\Processed_Features\Rumba\116808\116808_1__0[true_true]__5000ms_2500ms.arff
11:49:09,028 9886 [Thread-3] DEBUG amuse.nodes.trainer.TrainerNodeScheduler - Loading: C:\Users\NICOLAS\Documents\Cours\M2\Projet industriel\amuseFiles\Processed_Features\Rumba\112116\112116_1__0[true_true]__5000ms_2500ms.arff
11:49:09,032 9890 [Thread-3] DEBUG amuse.nodes.trainer.TrainerNodeScheduler - Loading: C:\Users\NICOLAS\Documents\Cours\M2\Projet industriel\amuseFiles\Processed_Features\Rumba\112430\112430_1__0[true_true]__5000ms_2500ms.arff
11:49:09,034 9892 [Thread-3] DEBUG amuse.nodes.trainer.TrainerNodeScheduler - Loading: C:\Users\NICOLAS\Documents\Cours\M2\Projet industriel\amuseFiles\Processed_Features\Rumba\104005\104005_1__0[true_true]__5000ms_2500ms.arff
11:49:09,040 9898 [Thread-3] DEBUG amuse.nodes.trainer.TrainerNodeScheduler - Loading: C:\Users\NICOLAS\Documents\Cours\M2\Projet industriel\amuseFiles\Processed_Features\Rumba\112432\112432_1__0[true_true]__5000ms_2500ms.arff
11:49:09,044 9902 [Thread-3] DEBUG amuse.nodes.trainer.TrainerNodeScheduler - Loading: C:\Users\NICOLAS\Documents\Cours\M2\Projet industriel\amuseFiles\Processed_Features\Rumba\106813\106813_1__0[true_true]__5000ms_2500ms.arff
11:49:09,052 9910 [Thread-3] DEBUG amuse.nodes.trainer.TrainerNodeScheduler - Loading: C:\Users\NICOLAS\Documents\Cours\M2\Projet industriel\amuseFiles\Processed_Features\Rumba\115624\115624_1__0[true_true]__5000ms_2500ms.arff
11:49:09,054 9912 [Thread-3] DEBUG amuse.nodes.trainer.TrainerNodeScheduler - Loading: C:\Users\NICOLAS\Documents\Cours\M2\Projet industriel\amuseFiles\Processed_Features\Rumba\108522\108522_1__0[true_true]__5000ms_2500ms.arff
11:49:09,056 9914 [Thread-3] DEBUG amuse.nodes.trainer.TrainerNodeScheduler - Loading: C:\Users\NICOLAS\Documents\Cours\M2\Projet industriel\amuseFiles\Processed_Features\Rumba\108432\108432_1__0[true_true]__5000ms_2500ms.arff
11:49:09,061 9919 [Thread-3] DEBUG amuse.nodes.trainer.TrainerNodeScheduler - Loading: C:\Users\NICOLAS\Documents\Cours\M2\Projet industriel\amuseFiles\Processed_Features\Rumba\113626\113626_1__0[true_true]__5000ms_2500ms.arff
11:49:09,065 9923 [Thread-3] DEBUG amuse.nodes.trainer.TrainerNodeScheduler - Loading: C:\Users\NICOLAS\Documents\Cours\M2\Projet industriel\amuseFiles\Processed_Features\Rumba\108411\108411_1__0[true_true]__5000ms_2500ms.arff
11:49:09,068 9926 [Thread-3] DEBUG amuse.nodes.trainer.TrainerNodeScheduler - Loading: C:\Users\NICOLAS\Documents\Cours\M2\Projet industriel\amuseFiles\Processed_Features\Rumba\118222\118222_1__0[true_true]__5000ms_2500ms.arff
11:49:09,075 9933 [Thread-3] DEBUG amuse.nodes.trainer.TrainerNodeScheduler - Loading: C:\Users\NICOLAS\Documents\Cours\M2\Projet industriel\amuseFiles\Processed_Features\Rumba\113824\113824_1__0[true_true]__5000ms_2500ms.arff
11:49:09,079 9937 [Thread-3] DEBUG amuse.nodes.trainer.TrainerNodeScheduler - Loading: C:\Users\NICOLAS\Documents\Cours\M2\Projet industriel\amuseFiles\Processed_Features\Rumba\117827\117827_1__0[true_true]__5000ms_2500ms.arff
11:49:09,084 9942 [Thread-3] DEBUG amuse.nodes.trainer.TrainerNodeScheduler - Loading: C:\Users\NICOLAS\Documents\Cours\M2\Projet industriel\amuseFiles\Processed_Features\Foxtrot\109218\109218_1__0[true_true]__5000ms_2500ms.arff
11:49:09,111 9969 [Thread-3] INFO  amuse.nodes.trainer.TrainerNodeScheduler - Classification trainer is configured: amuse.nodes.trainer.methods.supervised.KerasAdapter
11:49:09,112 9970 [Thread-3] INFO  amuse.nodes.trainer.TrainerNodeScheduler - Starting the classification training with Keras...
11:49:09,113 9971 [Thread-3] INFO  amuse.nodes.trainer.methods.supervised.KerasAdapter - Model created !
11:49:12,034 12892 [Thread-3] INFO  amuse.nodes.trainer.methods.supervised.KerasAdapter - Keras model loaded successfully !
11:49:12,077 12935 [Thread-3] INFO  amuse.nodes.trainer.methods.supervised.KerasAdapter - Training...
14:44:52,739 0    [main] INFO  class amuse.preferences.AmusePreferences - Using the environment variable 'AMUSEHOME'
14:44:52,883 144  [main] INFO  amuse.scheduler.Scheduler - Scheduler started...
